[debug] [2021-07-09T10:54:28.964Z] ----------------------------------------------------------------------
[debug] [2021-07-09T10:54:28.966Z] Command:       C:\Program Files\nodejs\node.exe C:\Users\User.DESKTOP-NA2F2N8\AppData\Roaming\npm\node_modules\firebase-tools\lib\bin\firebase.js init
[debug] [2021-07-09T10:54:28.966Z] CLI Version:   9.16.0
[debug] [2021-07-09T10:54:28.966Z] Platform:      win32
[debug] [2021-07-09T10:54:28.966Z] Node Version:  v16.3.0
[debug] [2021-07-09T10:54:28.967Z] Time:          Fri Jul 09 2021 18:54:28 GMT+0800 (台北標準時間)
[debug] [2021-07-09T10:54:28.967Z] ----------------------------------------------------------------------
[debug] 
[debug] [2021-07-09T10:54:28.971Z] > command requires scopes: ["email","openid","https://www.googleapis.com/auth/cloudplatformprojects.readonly","https://www.googleapis.com/auth/firebase","https://www.googleapis.com/auth/cloud-platform"]
[debug] [2021-07-09T10:54:28.971Z] > authorizing via signed-in user (betterjy.18@gmail.com)
[info] 
     ######## #### ########  ######## ########     ###     ######  ########
     ##        ##  ##     ## ##       ##     ##  ##   ##  ##       ##
     ######    ##  ########  ######   ########  #########  ######  ######
     ##        ##  ##    ##  ##       ##     ## ##     ##       ## ##
     ##       #### ##     ## ######## ########  ##     ##  ######  ########

You're about to initialize a Firebase project in this directory:

  C:\Users\User.DESKTOP-NA2F2N8\projects\angular\labb

[info] 
=== Project Setup
[info] 
[info] First, let's associate this project directory with a Firebase project.
[info] You can create multiple project aliases by running firebase use --add, 
[info] but for now we'll just set up a default project.
[info] 
[info] i  If you want to create a project in a Google Cloud organization or folder, please use "firebase projects:create" instead, and return to this command when you've created the project. 
[debug] [2021-07-09T10:55:20.224Z] > refreshing access token with scopes: ["email","https://www.googleapis.com/auth/cloud-platform","https://www.googleapis.com/auth/cloudplatformprojects.readonly","https://www.googleapis.com/auth/firebase","openid"]
[debug] [2021-07-09T10:55:20.225Z] >>> HTTP REQUEST POST https://www.googleapis.com/oauth2/v3/token  
 <request body omitted>
[debug] [2021-07-09T10:55:20.555Z] <<< HTTP RESPONSE 200 {"pragma":"no-cache","expires":"Mon, 01 Jan 1990 00:00:00 GMT","date":"Fri, 09 Jul 2021 10:55:19 GMT","cache-control":"no-cache, no-store, max-age=0, must-revalidate","content-type":"application/json; charset=utf-8","vary":"X-Origin, Referer, Origin,Accept-Encoding","server":"scaffolding on HTTPServer2","x-xss-protection":"0","x-frame-options":"SAMEORIGIN","x-content-type-options":"nosniff","alt-svc":"h3=\":443\"; ma=2592000,h3-29=\":443\"; ma=2592000,h3-T051=\":443\"; ma=2592000,h3-Q050=\":443\"; ma=2592000,h3-Q046=\":443\"; ma=2592000,h3-Q043=\":443\"; ma=2592000,quic=\":443\"; ma=2592000; v=\"46,43\"","accept-ranges":"none","transfer-encoding":"chunked"}
[debug] [2021-07-09T10:55:20.564Z] >>> HTTP REQUEST POST https://cloudresourcemanager.googleapis.com/v1/projects  
 {"projectId":"lab-website","name":"labbw"}
[debug] [2021-07-09T10:55:21.625Z] <<< HTTP RESPONSE 409 {"vary":"X-Origin, Referer, Origin,Accept-Encoding","content-type":"application/json; charset=UTF-8","date":"Fri, 09 Jul 2021 10:55:20 GMT","server":"ESF","cache-control":"private","x-xss-protection":"0","x-frame-options":"SAMEORIGIN","x-content-type-options":"nosniff","server-timing":"gfet4t7; dur=860","alt-svc":"h3=\":443\"; ma=2592000,h3-29=\":443\"; ma=2592000,h3-T051=\":443\"; ma=2592000,h3-Q050=\":443\"; ma=2592000,h3-Q046=\":443\"; ma=2592000,h3-Q043=\":443\"; ma=2592000,quic=\":443\"; ma=2592000; v=\"46,43\"","accept-ranges":"none","transfer-encoding":"chunked"}
[debug] [2021-07-09T10:55:21.625Z] <<< HTTP RESPONSE BODY {"error":{"code":409,"message":"Requested entity already exists","status":"ALREADY_EXISTS"}}
[debug] [2021-07-09T10:55:21.753Z] FirebaseError: HTTP Error: 409, Requested entity already exists
    at module.exports (C:\Users\User.DESKTOP-NA2F2N8\AppData\Roaming\npm\node_modules\firebase-tools\lib\responseToError.js:38:12)
    at Request._callback (C:\Users\User.DESKTOP-NA2F2N8\AppData\Roaming\npm\node_modules\firebase-tools\lib\api.js:41:35)
    at Request.self.callback (C:\Users\User.DESKTOP-NA2F2N8\AppData\Roaming\npm\node_modules\firebase-tools\node_modules\request\request.js:185:22)
    at Request.emit (node:events:394:28)
    at Request.emit (node:domain:470:12)
    at Request.<anonymous> (C:\Users\User.DESKTOP-NA2F2N8\AppData\Roaming\npm\node_modules\firebase-tools\node_modules\request\request.js:1154:10)
    at Request.emit (node:events:394:28)
    at Request.emit (node:domain:470:12)
    at IncomingMessage.<anonymous> (C:\Users\User.DESKTOP-NA2F2N8\AppData\Roaming\npm\node_modules\firebase-tools\node_modules\request\request.js:1076:12)
    at Object.onceWrapper (node:events:513:28)
    at IncomingMessage.emit (node:events:406:35)
    at IncomingMessage.emit (node:domain:470:12)
    at endReadableNT (node:internal/streams/readable:1329:12)
    at processTicksAndRejections (node:internal/process/task_queues:83:21)
[error] 
[error] Error: Failed to create project because there is already a project with ID lab-website. Please try again with a unique project ID.
[debug] [2021-07-09T10:55:32.536Z] ----------------------------------------------------------------------
[debug] [2021-07-09T10:55:32.538Z] Command:       C:\Program Files\nodejs\node.exe C:\Users\User.DESKTOP-NA2F2N8\AppData\Roaming\npm\node_modules\firebase-tools\lib\bin\firebase.js init
[debug] [2021-07-09T10:55:32.538Z] CLI Version:   9.16.0
[debug] [2021-07-09T10:55:32.538Z] Platform:      win32
[debug] [2021-07-09T10:55:32.538Z] Node Version:  v16.3.0
[debug] [2021-07-09T10:55:32.539Z] Time:          Fri Jul 09 2021 18:55:32 GMT+0800 (台北標準時間)
[debug] [2021-07-09T10:55:32.539Z] ----------------------------------------------------------------------
[debug] 
[debug] [2021-07-09T10:55:32.543Z] > command requires scopes: ["email","openid","https://www.googleapis.com/auth/cloudplatformprojects.readonly","https://www.googleapis.com/auth/firebase","https://www.googleapis.com/auth/cloud-platform"]
[debug] [2021-07-09T10:55:32.543Z] > authorizing via signed-in user (betterjy.18@gmail.com)
[info] 
     ######## #### ########  ######## ########     ###     ######  ########
     ##        ##  ##     ## ##       ##     ##  ##   ##  ##       ##
     ######    ##  ########  ######   ########  #########  ######  ######
     ##        ##  ##    ##  ##       ##     ## ##     ##       ## ##
     ##       #### ##     ## ######## ########  ##     ##  ######  ########

You're about to initialize a Firebase project in this directory:

  C:\Users\User.DESKTOP-NA2F2N8\projects\angular\labb

[info] 
=== Project Setup
[info] 
[info] First, let's associate this project directory with a Firebase project.
[info] You can create multiple project aliases by running firebase use --add, 
[info] but for now we'll just set up a default project.
[info] 
[info] i  If you want to create a project in a Google Cloud organization or folder, please use "firebase projects:create" instead, and return to this command when you've created the project. 
[debug] [2021-07-09T10:55:51.337Z] >>> HTTP REQUEST POST https://cloudresourcemanager.googleapis.com/v1/projects  
 {"projectId":"lab-website","name":"labb-ww"}
[debug] [2021-07-09T10:55:52.343Z] <<< HTTP RESPONSE 409 {"vary":"X-Origin, Referer, Origin,Accept-Encoding","content-type":"application/json; charset=UTF-8","date":"Fri, 09 Jul 2021 10:55:51 GMT","server":"ESF","cache-control":"private","x-xss-protection":"0","x-frame-options":"SAMEORIGIN","x-content-type-options":"nosniff","server-timing":"gfet4t7; dur=824","alt-svc":"h3=\":443\"; ma=2592000,h3-29=\":443\"; ma=2592000,h3-T051=\":443\"; ma=2592000,h3-Q050=\":443\"; ma=2592000,h3-Q046=\":443\"; ma=2592000,h3-Q043=\":443\"; ma=2592000,quic=\":443\"; ma=2592000; v=\"46,43\"","accept-ranges":"none","transfer-encoding":"chunked"}
[debug] [2021-07-09T10:55:52.343Z] <<< HTTP RESPONSE BODY {"error":{"code":409,"message":"Requested entity already exists","status":"ALREADY_EXISTS"}}
[debug] [2021-07-09T10:55:52.466Z] FirebaseError: HTTP Error: 409, Requested entity already exists
    at module.exports (C:\Users\User.DESKTOP-NA2F2N8\AppData\Roaming\npm\node_modules\firebase-tools\lib\responseToError.js:38:12)
    at Request._callback (C:\Users\User.DESKTOP-NA2F2N8\AppData\Roaming\npm\node_modules\firebase-tools\lib\api.js:41:35)
    at Request.self.callback (C:\Users\User.DESKTOP-NA2F2N8\AppData\Roaming\npm\node_modules\firebase-tools\node_modules\request\request.js:185:22)
    at Request.emit (node:events:394:28)
    at Request.emit (node:domain:470:12)
    at Request.<anonymous> (C:\Users\User.DESKTOP-NA2F2N8\AppData\Roaming\npm\node_modules\firebase-tools\node_modules\request\request.js:1154:10)
    at Request.emit (node:events:394:28)
    at Request.emit (node:domain:470:12)
    at IncomingMessage.<anonymous> (C:\Users\User.DESKTOP-NA2F2N8\AppData\Roaming\npm\node_modules\firebase-tools\node_modules\request\request.js:1076:12)
    at Object.onceWrapper (node:events:513:28)
    at IncomingMessage.emit (node:events:406:35)
    at IncomingMessage.emit (node:domain:470:12)
    at endReadableNT (node:internal/streams/readable:1329:12)
    at processTicksAndRejections (node:internal/process/task_queues:83:21)
[error] 
[error] Error: Failed to create project because there is already a project with ID lab-website. Please try again with a unique project ID.
[debug] [2021-07-09T10:55:59.804Z] ----------------------------------------------------------------------
[debug] [2021-07-09T10:55:59.805Z] Command:       C:\Program Files\nodejs\node.exe C:\Users\User.DESKTOP-NA2F2N8\AppData\Roaming\npm\node_modules\firebase-tools\lib\bin\firebase.js init
[debug] [2021-07-09T10:55:59.805Z] CLI Version:   9.16.0
[debug] [2021-07-09T10:55:59.805Z] Platform:      win32
[debug] [2021-07-09T10:55:59.805Z] Node Version:  v16.3.0
[debug] [2021-07-09T10:55:59.806Z] Time:          Fri Jul 09 2021 18:55:59 GMT+0800 (台北標準時間)
[debug] [2021-07-09T10:55:59.806Z] ----------------------------------------------------------------------
[debug] 
[debug] [2021-07-09T10:55:59.810Z] > command requires scopes: ["email","openid","https://www.googleapis.com/auth/cloudplatformprojects.readonly","https://www.googleapis.com/auth/firebase","https://www.googleapis.com/auth/cloud-platform"]
[debug] [2021-07-09T10:55:59.810Z] > authorizing via signed-in user (betterjy.18@gmail.com)
[info] 
     ######## #### ########  ######## ########     ###     ######  ########
     ##        ##  ##     ## ##       ##     ##  ##   ##  ##       ##
     ######    ##  ########  ######   ########  #########  ######  ######
     ##        ##  ##    ##  ##       ##     ## ##     ##       ## ##
     ##       #### ##     ## ######## ########  ##     ##  ######  ########

You're about to initialize a Firebase project in this directory:

  C:\Users\User.DESKTOP-NA2F2N8\projects\angular\labb

[info] 
=== Project Setup
[info] 
[info] First, let's associate this project directory with a Firebase project.
[info] You can create multiple project aliases by running firebase use --add, 
[info] but for now we'll just set up a default project.
[info] 
[info] i  If you want to create a project in a Google Cloud organization or folder, please use "firebase projects:create" instead, and return to this command when you've created the project. 
[debug] [2021-07-09T10:56:20.497Z] >>> HTTP REQUEST POST https://cloudresourcemanager.googleapis.com/v1/projects  
 {"projectId":"lab-website","name":"labb-website12"}
[debug] [2021-07-09T10:56:21.494Z] <<< HTTP RESPONSE 409 {"vary":"X-Origin, Referer, Origin,Accept-Encoding","content-type":"application/json; charset=UTF-8","date":"Fri, 09 Jul 2021 10:56:20 GMT","server":"ESF","cache-control":"private","x-xss-protection":"0","x-frame-options":"SAMEORIGIN","x-content-type-options":"nosniff","server-timing":"gfet4t7; dur=832","alt-svc":"h3=\":443\"; ma=2592000,h3-29=\":443\"; ma=2592000,h3-T051=\":443\"; ma=2592000,h3-Q050=\":443\"; ma=2592000,h3-Q046=\":443\"; ma=2592000,h3-Q043=\":443\"; ma=2592000,quic=\":443\"; ma=2592000; v=\"46,43\"","accept-ranges":"none","transfer-encoding":"chunked"}
[debug] [2021-07-09T10:56:21.494Z] <<< HTTP RESPONSE BODY {"error":{"code":409,"message":"Requested entity already exists","status":"ALREADY_EXISTS"}}
[debug] [2021-07-09T10:56:21.722Z] FirebaseError: HTTP Error: 409, Requested entity already exists
    at module.exports (C:\Users\User.DESKTOP-NA2F2N8\AppData\Roaming\npm\node_modules\firebase-tools\lib\responseToError.js:38:12)
    at Request._callback (C:\Users\User.DESKTOP-NA2F2N8\AppData\Roaming\npm\node_modules\firebase-tools\lib\api.js:41:35)
    at Request.self.callback (C:\Users\User.DESKTOP-NA2F2N8\AppData\Roaming\npm\node_modules\firebase-tools\node_modules\request\request.js:185:22)
    at Request.emit (node:events:394:28)
    at Request.emit (node:domain:470:12)
    at Request.<anonymous> (C:\Users\User.DESKTOP-NA2F2N8\AppData\Roaming\npm\node_modules\firebase-tools\node_modules\request\request.js:1154:10)
    at Request.emit (node:events:394:28)
    at Request.emit (node:domain:470:12)
    at IncomingMessage.<anonymous> (C:\Users\User.DESKTOP-NA2F2N8\AppData\Roaming\npm\node_modules\firebase-tools\node_modules\request\request.js:1076:12)
    at Object.onceWrapper (node:events:513:28)
    at IncomingMessage.emit (node:events:406:35)
    at IncomingMessage.emit (node:domain:470:12)
    at endReadableNT (node:internal/streams/readable:1329:12)
    at processTicksAndRejections (node:internal/process/task_queues:83:21)
[error] 
[error] Error: Failed to create project because there is already a project with ID lab-website. Please try again with a unique project ID.
[debug] [2021-07-09T10:56:32.568Z] ----------------------------------------------------------------------
[debug] [2021-07-09T10:56:32.569Z] Command:       C:\Program Files\nodejs\node.exe C:\Users\User.DESKTOP-NA2F2N8\AppData\Roaming\npm\node_modules\firebase-tools\lib\bin\firebase.js init
[debug] [2021-07-09T10:56:32.569Z] CLI Version:   9.16.0
[debug] [2021-07-09T10:56:32.569Z] Platform:      win32
[debug] [2021-07-09T10:56:32.570Z] Node Version:  v16.3.0
[debug] [2021-07-09T10:56:32.570Z] Time:          Fri Jul 09 2021 18:56:32 GMT+0800 (台北標準時間)
[debug] [2021-07-09T10:56:32.570Z] ----------------------------------------------------------------------
[debug] 
[debug] [2021-07-09T10:56:32.574Z] > command requires scopes: ["email","openid","https://www.googleapis.com/auth/cloudplatformprojects.readonly","https://www.googleapis.com/auth/firebase","https://www.googleapis.com/auth/cloud-platform"]
[debug] [2021-07-09T10:56:32.574Z] > authorizing via signed-in user (betterjy.18@gmail.com)
[info] 
     ######## #### ########  ######## ########     ###     ######  ########
     ##        ##  ##     ## ##       ##     ##  ##   ##  ##       ##
     ######    ##  ########  ######   ########  #########  ######  ######
     ##        ##  ##    ##  ##       ##     ## ##     ##       ## ##
     ##       #### ##     ## ######## ########  ##     ##  ######  ########

You're about to initialize a Firebase project in this directory:

  C:\Users\User.DESKTOP-NA2F2N8\projects\angular\labb

[info] 
=== Project Setup
[info] 
[info] First, let's associate this project directory with a Firebase project.
[info] You can create multiple project aliases by running firebase use --add, 
[info] but for now we'll just set up a default project.
[info] 
[info] i  If you want to create a project in a Google Cloud organization or folder, please use "firebase projects:create" instead, and return to this command when you've created the project. 
[debug] [2021-07-09T10:56:50.617Z] >>> HTTP REQUEST POST https://cloudresourcemanager.googleapis.com/v1/projects  
 {"projectId":"lab12-w","name":"labb-website12"}
[debug] [2021-07-09T10:56:51.915Z] <<< HTTP RESPONSE 200 {"content-type":"application/json; charset=UTF-8","vary":"X-Origin, Referer, Origin,Accept-Encoding","date":"Fri, 09 Jul 2021 10:56:51 GMT","server":"ESF","cache-control":"private","x-xss-protection":"0","x-frame-options":"SAMEORIGIN","x-content-type-options":"nosniff","server-timing":"gfet4t7; dur=1167","alt-svc":"h3=\":443\"; ma=2592000,h3-29=\":443\"; ma=2592000,h3-T051=\":443\"; ma=2592000,h3-Q050=\":443\"; ma=2592000,h3-Q046=\":443\"; ma=2592000,h3-Q043=\":443\"; ma=2592000,quic=\":443\"; ma=2592000; v=\"46,43\"","accept-ranges":"none","transfer-encoding":"chunked"}
[debug] [2021-07-09T10:56:51.917Z] > refreshing access token with scopes: []
[debug] [2021-07-09T10:56:51.917Z] >>> HTTP REQUEST POST https://www.googleapis.com/oauth2/v3/token  
 <request body omitted>
[debug] [2021-07-09T10:56:52.139Z] <<< HTTP RESPONSE 200 {"pragma":"no-cache","date":"Fri, 09 Jul 2021 10:56:51 GMT","cache-control":"no-cache, no-store, max-age=0, must-revalidate","expires":"Mon, 01 Jan 1990 00:00:00 GMT","content-type":"application/json; charset=utf-8","vary":"X-Origin, Referer, Origin,Accept-Encoding","server":"scaffolding on HTTPServer2","x-xss-protection":"0","x-frame-options":"SAMEORIGIN","x-content-type-options":"nosniff","alt-svc":"h3=\":443\"; ma=2592000,h3-29=\":443\"; ma=2592000,h3-T051=\":443\"; ma=2592000,h3-Q050=\":443\"; ma=2592000,h3-Q046=\":443\"; ma=2592000,h3-Q043=\":443\"; ma=2592000,quic=\":443\"; ma=2592000; v=\"46,43\"","accept-ranges":"none","transfer-encoding":"chunked"}
[debug] [2021-07-09T10:56:52.153Z] >>> [apiv2][query] GET https://cloudresourcemanager.googleapis.com/v1/operations/cp.5394210745905574981 [none]
[debug] [2021-07-09T10:56:53.270Z] <<< [apiv2][status] GET https://cloudresourcemanager.googleapis.com/v1/operations/cp.5394210745905574981 200
[debug] [2021-07-09T10:56:53.270Z] <<< [apiv2][body] GET https://cloudresourcemanager.googleapis.com/v1/operations/cp.5394210745905574981 {"name":"operations/cp.5394210745905574981"}
[debug] [2021-07-09T10:56:53.786Z] [Project Creation Poller] Retrying task index 0
[debug] [2021-07-09T10:56:53.787Z] >>> [apiv2][query] GET https://cloudresourcemanager.googleapis.com/v1/operations/cp.5394210745905574981 [none]
[debug] [2021-07-09T10:56:54.948Z] <<< [apiv2][status] GET https://cloudresourcemanager.googleapis.com/v1/operations/cp.5394210745905574981 200
[debug] [2021-07-09T10:56:54.948Z] <<< [apiv2][body] GET https://cloudresourcemanager.googleapis.com/v1/operations/cp.5394210745905574981 {"name":"operations/cp.5394210745905574981","metadata":{"@type":"type.googleapis.com/google.cloudresourcemanager.v1.ProjectCreationStatus","gettable":true}}
[debug] [2021-07-09T10:56:55.953Z] [Project Creation Poller] Retrying task index 0
[debug] [2021-07-09T10:56:55.954Z] >>> [apiv2][query] GET https://cloudresourcemanager.googleapis.com/v1/operations/cp.5394210745905574981 [none]
[debug] [2021-07-09T10:56:57.123Z] <<< [apiv2][status] GET https://cloudresourcemanager.googleapis.com/v1/operations/cp.5394210745905574981 200
[debug] [2021-07-09T10:56:57.123Z] <<< [apiv2][body] GET https://cloudresourcemanager.googleapis.com/v1/operations/cp.5394210745905574981 {"name":"operations/cp.5394210745905574981","metadata":{"@type":"type.googleapis.com/google.cloudresourcemanager.v1.ProjectCreationStatus","gettable":true,"ready":true},"done":true,"response":{"@type":"type.googleapis.com/google.cloudresourcemanager.v1.Project","projectNumber":"480830572230","projectId":"lab12-w","lifecycleState":"ACTIVE","name":"labb-website12","createTime":"2021-07-09T10:56:50.901Z"}}
[debug] [2021-07-09T10:56:57.124Z] > refreshing access token with scopes: ["email","https://www.googleapis.com/auth/cloud-platform","https://www.googleapis.com/auth/cloudplatformprojects.readonly","https://www.googleapis.com/auth/firebase","openid"]
[debug] [2021-07-09T10:56:57.124Z] >>> HTTP REQUEST POST https://www.googleapis.com/oauth2/v3/token  
 <request body omitted>
[debug] [2021-07-09T10:56:57.271Z] <<< HTTP RESPONSE 200 {"expires":"Mon, 01 Jan 1990 00:00:00 GMT","date":"Fri, 09 Jul 2021 10:56:56 GMT","pragma":"no-cache","cache-control":"no-cache, no-store, max-age=0, must-revalidate","content-type":"application/json; charset=utf-8","vary":"X-Origin, Referer, Origin,Accept-Encoding","server":"scaffolding on HTTPServer2","x-xss-protection":"0","x-frame-options":"SAMEORIGIN","x-content-type-options":"nosniff","alt-svc":"h3=\":443\"; ma=2592000,h3-29=\":443\"; ma=2592000,h3-T051=\":443\"; ma=2592000,h3-Q050=\":443\"; ma=2592000,h3-Q046=\":443\"; ma=2592000,h3-Q043=\":443\"; ma=2592000,quic=\":443\"; ma=2592000; v=\"46,43\"","accept-ranges":"none","transfer-encoding":"chunked"}
[debug] [2021-07-09T10:56:57.288Z] >>> HTTP REQUEST POST https://firebase.googleapis.com/v1beta1/projects/lab12-w:addFirebase  
 
[debug] [2021-07-09T10:56:58.383Z] <<< HTTP RESPONSE 403 {"vary":"X-Origin, Referer, Origin,Accept-Encoding","content-type":"application/json; charset=UTF-8","date":"Fri, 09 Jul 2021 10:56:57 GMT","server":"ESF","cache-control":"private","x-xss-protection":"0","x-frame-options":"SAMEORIGIN","x-content-type-options":"nosniff","alt-svc":"h3=\":443\"; ma=2592000,h3-29=\":443\"; ma=2592000,h3-T051=\":443\"; ma=2592000,h3-Q050=\":443\"; ma=2592000,h3-Q046=\":443\"; ma=2592000,h3-Q043=\":443\"; ma=2592000,quic=\":443\"; ma=2592000; v=\"46,43\"","accept-ranges":"none","transfer-encoding":"chunked"}
[debug] [2021-07-09T10:56:58.383Z] <<< HTTP RESPONSE BODY {"error":{"code":403,"message":"The caller does not have permission","status":"PERMISSION_DENIED"}}
[debug] [2021-07-09T10:56:58.386Z] HTTP Error: 403, The caller does not have permission
[debug] [2021-07-09T10:56:58.651Z] FirebaseError: HTTP Error: 403, The caller does not have permission
    at module.exports (C:\Users\User.DESKTOP-NA2F2N8\AppData\Roaming\npm\node_modules\firebase-tools\lib\responseToError.js:38:12)
    at Request._callback (C:\Users\User.DESKTOP-NA2F2N8\AppData\Roaming\npm\node_modules\firebase-tools\lib\api.js:41:35)
    at Request.self.callback (C:\Users\User.DESKTOP-NA2F2N8\AppData\Roaming\npm\node_modules\firebase-tools\node_modules\request\request.js:185:22)
    at Request.emit (node:events:394:28)
    at Request.emit (node:domain:470:12)
    at Request.<anonymous> (C:\Users\User.DESKTOP-NA2F2N8\AppData\Roaming\npm\node_modules\firebase-tools\node_modules\request\request.js:1154:10)
    at Request.emit (node:events:394:28)
    at Request.emit (node:domain:470:12)
    at IncomingMessage.<anonymous> (C:\Users\User.DESKTOP-NA2F2N8\AppData\Roaming\npm\node_modules\firebase-tools\node_modules\request\request.js:1076:12)
    at Object.onceWrapper (node:events:513:28)
    at IncomingMessage.emit (node:events:406:35)
    at IncomingMessage.emit (node:domain:470:12)
    at endReadableNT (node:internal/streams/readable:1329:12)
    at processTicksAndRejections (node:internal/process/task_queues:83:21)
[error] 
[error] Error: Failed to add Firebase to Google Cloud Platform project. See firebase-debug.log for more info.
[debug] [2021-07-09T10:57:35.438Z] ----------------------------------------------------------------------
[debug] [2021-07-09T10:57:35.439Z] Command:       C:\Program Files\nodejs\node.exe C:\Users\User.DESKTOP-NA2F2N8\AppData\Roaming\npm\node_modules\firebase-tools\lib\bin\firebase.js init
[debug] [2021-07-09T10:57:35.439Z] CLI Version:   9.16.0
[debug] [2021-07-09T10:57:35.439Z] Platform:      win32
[debug] [2021-07-09T10:57:35.439Z] Node Version:  v16.3.0
[debug] [2021-07-09T10:57:35.440Z] Time:          Fri Jul 09 2021 18:57:35 GMT+0800 (台北標準時間)
[debug] [2021-07-09T10:57:35.440Z] ----------------------------------------------------------------------
[debug] 
[debug] [2021-07-09T10:57:35.444Z] > command requires scopes: ["email","openid","https://www.googleapis.com/auth/cloudplatformprojects.readonly","https://www.googleapis.com/auth/firebase","https://www.googleapis.com/auth/cloud-platform"]
[debug] [2021-07-09T10:57:35.444Z] > authorizing via signed-in user (betterjy.18@gmail.com)
[info] 
     ######## #### ########  ######## ########     ###     ######  ########
     ##        ##  ##     ## ##       ##     ##  ##   ##  ##       ##
     ######    ##  ########  ######   ########  #########  ######  ######
     ##        ##  ##    ##  ##       ##     ## ##     ##       ## ##
     ##       #### ##     ## ######## ########  ##     ##  ######  ########

You're about to initialize a Firebase project in this directory:

  C:\Users\User.DESKTOP-NA2F2N8\projects\angular\labb

[info] 
=== Project Setup
[info] 
[info] First, let's associate this project directory with a Firebase project.
[info] You can create multiple project aliases by running firebase use --add, 
[info] but for now we'll just set up a default project.
[info] 
[info] i  If you want to create a project in a Google Cloud organization or folder, please use "firebase projects:create" instead, and return to this command when you've created the project. 
[debug] [2021-07-09T10:57:51.865Z] >>> HTTP REQUEST POST https://cloudresourcemanager.googleapis.com/v1/projects  
 {"projectId":"labb12","name":"lab-website"}
[debug] [2021-07-09T10:57:53.301Z] <<< HTTP RESPONSE 200 {"content-type":"application/json; charset=UTF-8","vary":"X-Origin, Referer, Origin,Accept-Encoding","date":"Fri, 09 Jul 2021 10:57:52 GMT","server":"ESF","cache-control":"private","x-xss-protection":"0","x-frame-options":"SAMEORIGIN","x-content-type-options":"nosniff","server-timing":"gfet4t7; dur=1163","alt-svc":"h3=\":443\"; ma=2592000,h3-29=\":443\"; ma=2592000,h3-T051=\":443\"; ma=2592000,h3-Q050=\":443\"; ma=2592000,h3-Q046=\":443\"; ma=2592000,h3-Q043=\":443\"; ma=2592000,quic=\":443\"; ma=2592000; v=\"46,43\"","accept-ranges":"none","transfer-encoding":"chunked"}
[debug] [2021-07-09T10:57:53.303Z] > refreshing access token with scopes: []
[debug] [2021-07-09T10:57:53.303Z] >>> HTTP REQUEST POST https://www.googleapis.com/oauth2/v3/token  
 <request body omitted>
[debug] [2021-07-09T10:57:53.464Z] <<< HTTP RESPONSE 200 {"date":"Fri, 09 Jul 2021 10:57:52 GMT","cache-control":"no-cache, no-store, max-age=0, must-revalidate","expires":"Mon, 01 Jan 1990 00:00:00 GMT","pragma":"no-cache","content-type":"application/json; charset=utf-8","vary":"X-Origin, Referer, Origin,Accept-Encoding","server":"scaffolding on HTTPServer2","x-xss-protection":"0","x-frame-options":"SAMEORIGIN","x-content-type-options":"nosniff","alt-svc":"h3=\":443\"; ma=2592000,h3-29=\":443\"; ma=2592000,h3-T051=\":443\"; ma=2592000,h3-Q050=\":443\"; ma=2592000,h3-Q046=\":443\"; ma=2592000,h3-Q043=\":443\"; ma=2592000,quic=\":443\"; ma=2592000; v=\"46,43\"","accept-ranges":"none","transfer-encoding":"chunked"}
[debug] [2021-07-09T10:57:53.479Z] >>> [apiv2][query] GET https://cloudresourcemanager.googleapis.com/v1/operations/cp.6969974763988534953 [none]
[debug] [2021-07-09T10:57:54.557Z] <<< [apiv2][status] GET https://cloudresourcemanager.googleapis.com/v1/operations/cp.6969974763988534953 200
[debug] [2021-07-09T10:57:54.557Z] <<< [apiv2][body] GET https://cloudresourcemanager.googleapis.com/v1/operations/cp.6969974763988534953 {"name":"operations/cp.6969974763988534953"}
[debug] [2021-07-09T10:57:55.069Z] [Project Creation Poller] Retrying task index 0
[debug] [2021-07-09T10:57:55.070Z] >>> [apiv2][query] GET https://cloudresourcemanager.googleapis.com/v1/operations/cp.6969974763988534953 [none]
[debug] [2021-07-09T10:57:56.151Z] <<< [apiv2][status] GET https://cloudresourcemanager.googleapis.com/v1/operations/cp.6969974763988534953 200
[debug] [2021-07-09T10:57:56.151Z] <<< [apiv2][body] GET https://cloudresourcemanager.googleapis.com/v1/operations/cp.6969974763988534953 {"name":"operations/cp.6969974763988534953","metadata":{"@type":"type.googleapis.com/google.cloudresourcemanager.v1.ProjectCreationStatus","gettable":true}}
[debug] [2021-07-09T10:57:57.163Z] [Project Creation Poller] Retrying task index 0
[debug] [2021-07-09T10:57:57.164Z] >>> [apiv2][query] GET https://cloudresourcemanager.googleapis.com/v1/operations/cp.6969974763988534953 [none]
[debug] [2021-07-09T10:57:58.219Z] <<< [apiv2][status] GET https://cloudresourcemanager.googleapis.com/v1/operations/cp.6969974763988534953 200
[debug] [2021-07-09T10:57:58.220Z] <<< [apiv2][body] GET https://cloudresourcemanager.googleapis.com/v1/operations/cp.6969974763988534953 {"name":"operations/cp.6969974763988534953","metadata":{"@type":"type.googleapis.com/google.cloudresourcemanager.v1.ProjectCreationStatus","gettable":true,"ready":true},"done":true,"response":{"@type":"type.googleapis.com/google.cloudresourcemanager.v1.Project","projectNumber":"719359138129","projectId":"labb12","lifecycleState":"ACTIVE","name":"lab-website","createTime":"2021-07-09T10:57:52.290Z"}}
[debug] [2021-07-09T10:57:58.221Z] > refreshing access token with scopes: ["email","https://www.googleapis.com/auth/cloud-platform","https://www.googleapis.com/auth/cloudplatformprojects.readonly","https://www.googleapis.com/auth/firebase","openid"]
[debug] [2021-07-09T10:57:58.221Z] >>> HTTP REQUEST POST https://www.googleapis.com/oauth2/v3/token  
 <request body omitted>
[debug] [2021-07-09T10:57:58.368Z] <<< HTTP RESPONSE 200 {"expires":"Mon, 01 Jan 1990 00:00:00 GMT","pragma":"no-cache","date":"Fri, 09 Jul 2021 10:57:57 GMT","cache-control":"no-cache, no-store, max-age=0, must-revalidate","content-type":"application/json; charset=utf-8","vary":"X-Origin, Referer, Origin,Accept-Encoding","server":"scaffolding on HTTPServer2","x-xss-protection":"0","x-frame-options":"SAMEORIGIN","x-content-type-options":"nosniff","alt-svc":"h3=\":443\"; ma=2592000,h3-29=\":443\"; ma=2592000,h3-T051=\":443\"; ma=2592000,h3-Q050=\":443\"; ma=2592000,h3-Q046=\":443\"; ma=2592000,h3-Q043=\":443\"; ma=2592000,quic=\":443\"; ma=2592000; v=\"46,43\"","accept-ranges":"none","transfer-encoding":"chunked"}
[debug] [2021-07-09T10:57:58.376Z] >>> HTTP REQUEST POST https://firebase.googleapis.com/v1beta1/projects/labb12:addFirebase  
 
[debug] [2021-07-09T10:57:59.748Z] <<< HTTP RESPONSE 403 {"vary":"X-Origin, Referer, Origin,Accept-Encoding","content-type":"application/json; charset=UTF-8","date":"Fri, 09 Jul 2021 10:57:59 GMT","server":"ESF","cache-control":"private","x-xss-protection":"0","x-frame-options":"SAMEORIGIN","x-content-type-options":"nosniff","alt-svc":"h3=\":443\"; ma=2592000,h3-29=\":443\"; ma=2592000,h3-T051=\":443\"; ma=2592000,h3-Q050=\":443\"; ma=2592000,h3-Q046=\":443\"; ma=2592000,h3-Q043=\":443\"; ma=2592000,quic=\":443\"; ma=2592000; v=\"46,43\"","accept-ranges":"none","transfer-encoding":"chunked"}
[debug] [2021-07-09T10:57:59.749Z] <<< HTTP RESPONSE BODY {"error":{"code":403,"message":"The caller does not have permission","status":"PERMISSION_DENIED"}}
[debug] [2021-07-09T10:57:59.752Z] HTTP Error: 403, The caller does not have permission
[debug] [2021-07-09T10:57:59.902Z] FirebaseError: HTTP Error: 403, The caller does not have permission
    at module.exports (C:\Users\User.DESKTOP-NA2F2N8\AppData\Roaming\npm\node_modules\firebase-tools\lib\responseToError.js:38:12)
    at Request._callback (C:\Users\User.DESKTOP-NA2F2N8\AppData\Roaming\npm\node_modules\firebase-tools\lib\api.js:41:35)
    at Request.self.callback (C:\Users\User.DESKTOP-NA2F2N8\AppData\Roaming\npm\node_modules\firebase-tools\node_modules\request\request.js:185:22)
    at Request.emit (node:events:394:28)
    at Request.emit (node:domain:470:12)
    at Request.<anonymous> (C:\Users\User.DESKTOP-NA2F2N8\AppData\Roaming\npm\node_modules\firebase-tools\node_modules\request\request.js:1154:10)
    at Request.emit (node:events:394:28)
    at Request.emit (node:domain:470:12)
    at IncomingMessage.<anonymous> (C:\Users\User.DESKTOP-NA2F2N8\AppData\Roaming\npm\node_modules\firebase-tools\node_modules\request\request.js:1076:12)
    at Object.onceWrapper (node:events:513:28)
    at IncomingMessage.emit (node:events:406:35)
    at IncomingMessage.emit (node:domain:470:12)
    at endReadableNT (node:internal/streams/readable:1329:12)
    at processTicksAndRejections (node:internal/process/task_queues:83:21)
[error] 
[error] Error: Failed to add Firebase to Google Cloud Platform project. See firebase-debug.log for more info.
[debug] [2021-07-09T11:06:31.006Z] ----------------------------------------------------------------------
[debug] [2021-07-09T11:06:31.008Z] Command:       C:\Program Files\nodejs\node.exe C:\Users\User.DESKTOP-NA2F2N8\AppData\Roaming\npm\node_modules\firebase-tools\lib\bin\firebase.js init
[debug] [2021-07-09T11:06:31.008Z] CLI Version:   9.16.0
[debug] [2021-07-09T11:06:31.008Z] Platform:      win32
[debug] [2021-07-09T11:06:31.008Z] Node Version:  v16.3.0
[debug] [2021-07-09T11:06:31.009Z] Time:          Fri Jul 09 2021 19:06:31 GMT+0800 (台北標準時間)
[debug] [2021-07-09T11:06:31.009Z] ----------------------------------------------------------------------
[debug] 
[debug] [2021-07-09T11:06:31.013Z] > command requires scopes: ["email","openid","https://www.googleapis.com/auth/cloudplatformprojects.readonly","https://www.googleapis.com/auth/firebase","https://www.googleapis.com/auth/cloud-platform"]
[debug] [2021-07-09T11:06:31.013Z] > authorizing via signed-in user (betterjy.18@gmail.com)
[info] 
     ######## #### ########  ######## ########     ###     ######  ########
     ##        ##  ##     ## ##       ##     ##  ##   ##  ##       ##
     ######    ##  ########  ######   ########  #########  ######  ######
     ##        ##  ##    ##  ##       ##     ## ##     ##       ## ##
     ##       #### ##     ## ######## ########  ##     ##  ######  ########

You're about to initialize a Firebase project in this directory:

  C:\Users\User.DESKTOP-NA2F2N8\projects\angular\labb

[info] 
=== Project Setup
[info] 
[info] First, let's associate this project directory with a Firebase project.
[info] You can create multiple project aliases by running firebase use --add, 
[info] but for now we'll just set up a default project.
[info] 
[debug] [2021-07-09T11:07:55.560Z] > refreshing access token with scopes: []
[debug] [2021-07-09T11:07:55.560Z] >>> HTTP REQUEST POST https://www.googleapis.com/oauth2/v3/token  
 <request body omitted>
[debug] [2021-07-09T11:07:56.243Z] <<< HTTP RESPONSE 200 {"expires":"Mon, 01 Jan 1990 00:00:00 GMT","date":"Fri, 09 Jul 2021 11:07:55 GMT","cache-control":"no-cache, no-store, max-age=0, must-revalidate","pragma":"no-cache","content-type":"application/json; charset=utf-8","vary":"X-Origin, Referer, Origin,Accept-Encoding","server":"scaffolding on HTTPServer2","x-xss-protection":"0","x-frame-options":"SAMEORIGIN","x-content-type-options":"nosniff","alt-svc":"h3=\":443\"; ma=2592000,h3-29=\":443\"; ma=2592000,h3-T051=\":443\"; ma=2592000,h3-Q050=\":443\"; ma=2592000,h3-Q046=\":443\"; ma=2592000,h3-Q043=\":443\"; ma=2592000,quic=\":443\"; ma=2592000; v=\"46,43\"","accept-ranges":"none","transfer-encoding":"chunked"}
[debug] [2021-07-09T11:07:56.251Z] >>> [apiv2][query] GET https://firebase.googleapis.com/v1beta1/projects pageSize=100
[debug] [2021-07-09T11:07:57.155Z] <<< [apiv2][status] GET https://firebase.googleapis.com/v1beta1/projects 200
[debug] [2021-07-09T11:07:57.155Z] <<< [apiv2][body] GET https://firebase.googleapis.com/v1beta1/projects [omitted]
[info] i  Using project website-big-data-lab (website-big-data-lab) 
[info] 
=== Hosting Setup
[info] 
[info] Your public directory is the folder (relative to your project directory) that
[info] will contain Hosting assets to be uploaded with firebase deploy. If you
[info] have a build process for your assets, use your build's output directory.
[info] 
